2023-03-10T00:05:18+00:00 DEBUG POST https://api.sandbox.paypal.com/v1/oauth2/token?grant_type=client_credentials
Response Debug ID: 6651c5d2b1692
Response: Array
(
    [code] => 200
    [message] => OK
)


2023-03-10T00:15:12+00:00 DEBUG POST https://api.sandbox.paypal.com/v2/checkout/orders
Request Body: {"intent":"CAPTURE","purchase_units":[{"reference_id":"default","amount":{"currency_code":"PHP","value":"139.00","breakdown":{"item_total":{"currency_code":"PHP","value":"139.00"},"shipping":{"currency_code":"PHP","value":"0.00"},"tax_total":{"currency_code":"PHP","value":"0.00"}}},"description":"","items":[{"name":"LARQ Pitcher PureVis","unit_amount":{"currency_code":"PHP","value":"139.00"},"quantity":1,"description":"The LARQ Pitcher uses a unique 2-step process to improve the quality of your water using PureVis\u2122 and Nano Zero filter techno","sku":"","category":"PHYSICAL_GOODS"}],"payee":{"merchant_id":"PXJMMDZP7GJFU"},"shipping":{"name":{"full_name":" "},"address":{"country_code":"PH","address_line_1":"binaobao bantayan cebu","address_line_2":"lapu lapu cebu","admin_area_1":"CEB","admin_area_2":"cebu","postal_code":"6000"}}}],"application_context":{"user_action":"CONTINUE","shipping_preference":"SET_PROVIDED_ADDRESS","landing_page":"LOGIN","locale":"en-US","brand_name":"LARQ","return_url":"http:\/\/localhost\/learning%20wordpress\/wordpress-6.1.1\/wordpress\/learning%20wordpress\/wordpress-6.1.1\/wordpress\/?wc-ajax=ppc-return-url","cancel_url":"http:\/\/localhost\/learning%20wordpress\/wordpress-6.1.1\/wordpress\/?page_id=57"},"payer":{"email_address":"chandelcj@gmail.com","name":{"given_name":"chan","surname":"del"},"address":{"country_code":"PH","address_line_1":"binaobao bantayan cebu","address_line_2":"lapu lapu cebu","admin_area_1":"CEB","admin_area_2":"cebu","postal_code":"6000"},"phone":{"phone_type":"HOME","phone_number":{"national_number":"09219935347"}}},"payment_method":{"payee_preferred":"IMMEDIATE_PAYMENT_REQUIRED","payer_selected":"PAYPAL"}}
Response Debug ID: d449d1fb9d23
Response: Array
(
    [code] => 201
    [message] => Created
)


2023-03-10T00:23:10+00:00 DEBUG  https://api.sandbox.paypal.com/v2/checkout/orders/2BL42981841097620
Response Debug ID: ee91189e1e6b0
Response: Array
(
    [code] => 200
    [message] => OK
)


2023-03-10T00:23:28+00:00 DEBUG PATCH https://api.sandbox.paypal.com/v2/checkout/orders/2BL42981841097620
Request Body: [{"op":"replace","value":{"reference_id":"default","amount":{"currency_code":"PHP","value":"139.00","breakdown":{"item_total":{"currency_code":"PHP","value":"139.00"},"shipping":{"currency_code":"PHP","value":"0.00"},"tax_total":{"currency_code":"PHP","value":"0.00"}}},"description":"","items":[{"name":"LARQ Pitcher PureVis","unit_amount":{"currency_code":"PHP","value":"139.00"},"quantity":1,"description":"The LARQ Pitcher uses a unique 2-step process to improve the quality of your water using PureVis\u2122 and Nano Zero filter techno","sku":"","category":"PHYSICAL_GOODS"}],"payee":{"merchant_id":"PXJMMDZP7GJFU"},"shipping":{"name":{"full_name":"chan del"},"address":{"country_code":"PH","address_line_1":"binaobao bantayan cebu","address_line_2":"lapu lapu cebu","admin_area_1":"CEB","admin_area_2":"cebu","postal_code":"6000"}},"custom_id":"293","invoice_id":"dfccca-293"},"path":"\/purchase_units\/@reference_id=='default'"}]
Response Debug ID: 5661eb4d8c65d
Response: Array
(
    [code] => 204
    [message] => No Content
)


2023-03-10T00:23:28+00:00 DEBUG  https://api.sandbox.paypal.com/v2/checkout/orders/2BL42981841097620
Response Debug ID: a3fb23dd6bfd1
Response: Array
(
    [code] => 200
    [message] => OK
)


2023-03-10T00:23:32+00:00 DEBUG POST https://api.sandbox.paypal.com/v2/checkout/orders/2BL42981841097620/capture
Response Debug ID: 3fa8d0b4c441e
Response: Array
(
    [code] => 201
    [message] => Created
)


